-------------------------------------------------------------------------------
Test set: jenkins.tests.SearchTest
-------------------------------------------------------------------------------
Tests run: 3, Failures: 2, Errors: 0, Skipped: 1, Time elapsed: 5.563 s <<< FAILURE! - in jenkins.tests.SearchTest
jenkins.tests.SearchTest.searchResultTest  Time elapsed: 0.008 s  <<< FAILURE!
java.lang.NullPointerException: Cannot invoke "org.openqa.selenium.WebDriver.get(String)" because "jenkins.pages.SearchPage.driver" is null
	at jenkins.tests.SearchTest.searchResultTest(SearchTest.java:23)

jenkins.tests.SearchTest.tearDown  Time elapsed: 0.022 s  <<< FAILURE!
java.lang.NullPointerException: Cannot invoke "org.openqa.selenium.WebDriver.close()" because "jenkins.base.BaseClass.driver" is null

